<?xml version="1.0" encoding="UTF-8"?>
<coverage generated="1750150074134" clover="3.2.0">
  <project timestamp="1750150074134" name="All files">
    <metrics statements="88" coveredstatements="77" conditionals="56" coveredconditionals="43" methods="30" coveredmethods="28" elements="174" coveredelements="148" complexity="0" loc="88" ncloc="88" packages="1" files="4" classes="4"/>
    <file name="AmountInput.tsx" path="D:\DATA\PROJECTS\code-challenge\src\problem2\src\AmountInput.tsx">
      <metrics statements="7" coveredstatements="7" conditionals="10" coveredconditionals="9" methods="2" coveredmethods="2"/>
      <line num="11" count="2" type="stmt"/>
      <line num="17" count="118" type="stmt"/>
      <line num="18" count="13" type="stmt"/>
      <line num="20" count="13" type="cond" truecount="4" falsecount="0"/>
      <line num="21" count="7" type="stmt"/>
      <line num="25" count="118" type="cond" truecount="2" falsecount="0"/>
      <line num="27" count="118" type="stmt"/>
    </file>
    <file name="App.tsx" path="D:\DATA\PROJECTS\code-challenge\src\problem2\src\App.tsx">
      <metrics statements="59" coveredstatements="48" conditionals="32" coveredconditionals="22" methods="14" coveredmethods="12"/>
      <line num="19" count="1" type="stmt"/>
      <line num="22" count="1" type="stmt"/>
      <line num="34" count="1" type="stmt"/>
      <line num="35" count="74" type="stmt"/>
      <line num="36" count="74" type="stmt"/>
      <line num="37" count="74" type="stmt"/>
      <line num="38" count="74" type="stmt"/>
      <line num="39" count="74" type="stmt"/>
      <line num="40" count="74" type="stmt"/>
      <line num="41" count="74" type="stmt"/>
      <line num="42" count="74" type="stmt"/>
      <line num="43" count="74" type="stmt"/>
      <line num="45" count="74" type="stmt"/>
      <line num="46" count="14" type="stmt"/>
      <line num="47" count="14" type="stmt"/>
      <line num="48" count="13" type="stmt"/>
      <line num="50" count="13" type="stmt"/>
      <line num="51" count="35" type="cond" truecount="2" falsecount="0"/>
      <line num="53" count="12" type="stmt"/>
      <line num="54" count="12" type="stmt"/>
      <line num="55" count="12" type="stmt"/>
      <line num="56" count="12" type="cond" truecount="1" falsecount="1"/>
      <line num="57" count="12" type="cond" truecount="2" falsecount="0"/>
      <line num="58" count="12" type="stmt"/>
      <line num="62" count="2" type="stmt"/>
      <line num="63" count="2" type="stmt"/>
      <line num="67" count="74" type="stmt"/>
      <line num="68" count="38" type="cond" truecount="4" falsecount="0"/>
      <line num="69" count="15" type="stmt"/>
      <line num="70" count="15" type="stmt"/>
      <line num="71" count="15" type="stmt"/>
      <line num="73" count="26" type="stmt"/>
      <line num="74" count="47" type="stmt"/>
      <line num="75" count="23" type="cond" truecount="3" falsecount="1"/>
      <line num="76" count="0" type="stmt"/>
      <line num="77" count="0" type="stmt"/>
      <line num="78" count="0" type="stmt"/>
      <line num="80" count="23" type="cond" truecount="1" falsecount="1"/>
      <line num="81" count="23" type="cond" truecount="4" falsecount="0"/>
      <line num="82" count="14" type="stmt"/>
      <line num="83" count="14" type="stmt"/>
      <line num="85" count="9" type="stmt"/>
      <line num="86" count="9" type="cond" truecount="1" falsecount="1"/>
      <line num="88" count="0" type="cond" truecount="0" falsecount="4"/>
      <line num="89" count="0" type="stmt"/>
      <line num="90" count="0" type="stmt"/>
      <line num="92" count="0" type="stmt"/>
      <line num="93" count="0" type="cond" truecount="0" falsecount="2"/>
      <line num="98" count="3" type="stmt"/>
      <line num="99" count="3" type="stmt"/>
      <line num="100" count="3" type="stmt"/>
      <line num="101" count="3" type="stmt"/>
      <line num="102" count="3" type="stmt"/>
      <line num="105" count="74" type="stmt"/>
      <line num="147" count="0" type="stmt"/>
      <line num="172" count="3" type="stmt"/>
      <line num="173" count="3" type="stmt"/>
      <line num="200" count="0" type="stmt"/>
      <line num="201" count="0" type="stmt"/>
    </file>
    <file name="TokenSelector.tsx" path="D:\DATA\PROJECTS\code-challenge\src\problem2\src\TokenSelector.tsx">
      <metrics statements="11" coveredstatements="11" conditionals="7" coveredconditionals="5" methods="8" coveredmethods="8"/>
      <line num="14" count="2" type="stmt"/>
      <line num="22" count="117" type="stmt"/>
      <line num="23" count="167" type="stmt"/>
      <line num="26" count="117" type="stmt"/>
      <line num="27" count="114" type="stmt"/>
      <line num="32" count="1" type="stmt"/>
      <line num="37" count="117" type="stmt"/>
      <line num="40" count="4" type="cond" truecount="1" falsecount="1"/>
      <line num="41" count="119" type="stmt"/>
      <line num="44" count="167" type="stmt"/>
      <line num="59" count="30" type="stmt"/>
    </file>
    <file name="utils.ts" path="D:\DATA\PROJECTS\code-challenge\src\problem2\src\utils.ts">
      <metrics statements="11" coveredstatements="11" conditionals="7" coveredconditionals="7" methods="6" coveredmethods="6"/>
      <line num="2" count="2" type="stmt"/>
      <line num="11" count="5" type="cond" truecount="2" falsecount="0"/>
      <line num="19" count="2" type="stmt"/>
      <line num="24" count="18" type="stmt"/>
      <line num="25" count="50" type="cond" truecount="3" falsecount="0"/>
      <line num="29" count="18" type="stmt"/>
      <line num="31" count="18" type="stmt"/>
      <line num="32" count="46" type="cond" truecount="2" falsecount="0"/>
      <line num="33" count="44" type="stmt"/>
      <line num="38" count="18" type="stmt"/>
      <line num="39" count="42" type="stmt"/>
    </file>
  </project>
</coverage>
