<?xml version="1.0" encoding="UTF-8"?>
<coverage generated="1750141799867" clover="3.2.0">
  <project timestamp="1750141799867" name="All files">
    <metrics statements="26" coveredstatements="25" conditionals="13" coveredconditionals="13" methods="11" coveredmethods="10" elements="50" coveredelements="48" complexity="0" loc="26" ncloc="26" packages="1" files="3" classes="3"/>
    <file name="AmountInput.tsx" path="D:\DATA\PROJECTS\code-challenge\src\problem2\src\AmountInput.tsx">
      <metrics statements="5" coveredstatements="5" conditionals="7" coveredconditionals="7" methods="2" coveredmethods="2"/>
      <line num="1" count="1" type="stmt"/>
      <line num="11" count="1" type="stmt"/>
      <line num="18" count="4" type="stmt"/>
      <line num="24" count="1" type="cond" truecount="2" falsecount="0"/>
      <line num="32" count="1" type="stmt"/>
    </file>
    <file name="TokenSelector.tsx" path="D:\DATA\PROJECTS\code-challenge\src\problem2\src\TokenSelector.tsx">
      <metrics statements="10" coveredstatements="9" conditionals="2" coveredconditionals="2" methods="5" coveredmethods="4"/>
      <line num="1" count="1" type="stmt"/>
      <line num="2" count="1" type="stmt"/>
      <line num="13" count="1" type="stmt"/>
      <line num="22" count="3" type="stmt"/>
      <line num="23" count="3" type="stmt"/>
      <line num="29" count="1" type="stmt"/>
      <line num="33" count="9" type="stmt"/>
      <line num="35" count="8" type="stmt"/>
      <line num="45" count="0" type="stmt"/>
      <line num="52" count="1" type="stmt"/>
    </file>
    <file name="utils.ts" path="D:\DATA\PROJECTS\code-challenge\src\problem2\src\utils.ts">
      <metrics statements="11" coveredstatements="11" conditionals="4" coveredconditionals="4" methods="4" coveredmethods="4"/>
      <line num="1" count="2" type="stmt"/>
      <line num="10" count="2" type="stmt"/>
      <line num="11" count="5" type="cond" truecount="2" falsecount="0"/>
      <line num="18" count="2" type="stmt"/>
      <line num="19" count="5" type="stmt"/>
      <line num="22" count="2" type="stmt"/>
      <line num="23" count="1" type="stmt"/>
      <line num="24" count="1" type="stmt"/>
      <line num="25" count="5" type="cond" truecount="2" falsecount="0"/>
      <line num="26" count="3" type="stmt"/>
      <line num="27" count="3" type="stmt"/>
    </file>
  </project>
</coverage>
