{"D:\\DATA\\PROJECTS\\code-challenge\\src\\problem2\\src\\AmountInput.tsx": {"path":"D:\\DATA\\PROJECTS\\code-challenge\\src\\problem2\\src\\AmountInput.tsx","statementMap":{"0":{"start":{"line":11,"column":48},"end":{"line":44,"column":1}},"1":{"start":{"line":17,"column":23},"end":{"line":23,"column":3}},"2":{"start":{"line":18,"column":21},"end":{"line":18,"column":39}},"3":{"start":{"line":20,"column":4},"end":{"line":22,"column":5}},"4":{"start":{"line":21,"column":6},"end":{"line":21,"column":25}},"5":{"start":{"line":25,"column":19},"end":{"line":25,"column":61}},"6":{"start":{"line":27,"column":2},"end":{"line":43,"column":4}}},"fnMap":{"0":{"name":"(anonymous_0)","decl":{"start":{"line":11,"column":48},"end":{"line":11,"column":49}},"loc":{"start":{"line":16,"column":6},"end":{"line":44,"column":1}},"line":16},"1":{"name":"(anonymous_1)","decl":{"start":{"line":17,"column":23},"end":{"line":17,"column":24}},"loc":{"start":{"line":17,"column":71},"end":{"line":23,"column":3}},"line":17}},"branchMap":{"0":{"loc":{"start":{"line":14,"column":2},"end":{"line":14,"column":18}},"type":"default-arg","locations":[{"start":{"line":14,"column":13},"end":{"line":14,"column":18}}],"line":14},"1":{"loc":{"start":{"line":15,"column":2},"end":{"line":15,"column":18}},"type":"default-arg","locations":[{"start":{"line":15,"column":16},"end":{"line":15,"column":18}}],"line":15},"2":{"loc":{"start":{"line":20,"column":4},"end":{"line":22,"column":5}},"type":"if","locations":[{"start":{"line":20,"column":4},"end":{"line":22,"column":5}},{"start":{},"end":{}}],"line":20},"3":{"loc":{"start":{"line":20,"column":8},"end":{"line":20,"column":55}},"type":"binary-expr","locations":[{"start":{"line":20,"column":8},"end":{"line":20,"column":23}},{"start":{"line":20,"column":27},"end":{"line":20,"column":55}}],"line":20},"4":{"loc":{"start":{"line":25,"column":19},"end":{"line":25,"column":61}},"type":"binary-expr","locations":[{"start":{"line":25,"column":19},"end":{"line":25,"column":31}},{"start":{"line":25,"column":35},"end":{"line":25,"column":61}}],"line":25},"5":{"loc":{"start":{"line":37,"column":18},"end":{"line":37,"column":63}},"type":"cond-expr","locations":[{"start":{"line":37,"column":29},"end":{"line":37,"column":58}},{"start":{"line":37,"column":61},"end":{"line":37,"column":63}}],"line":37}},"s":{"0":2,"1":118,"2":13,"3":13,"4":7,"5":118,"6":118},"f":{"0":118,"1":13},"b":{"0":[9],"1":[9],"2":[7,6],"3":[13,13],"4":[118,18],"5":[0,118]},"_coverageSchema":"1a1c01bbd47fc00a2c39e90264f33305004495a9","hash":"0778ba9829c9dfbee411448d7b06460a0f94e900"}
,"D:\\DATA\\PROJECTS\\code-challenge\\src\\problem2\\src\\App.tsx": {"path":"D:\\DATA\\PROJECTS\\code-challenge\\src\\problem2\\src\\App.tsx","statementMap":{"0":{"start":{"line":19,"column":18},"end":{"line":19,"column":62}},"1":{"start":{"line":22,"column":14},"end":{"line":32,"column":2}},"2":{"start":{"line":34,"column":22},"end":{"line":229,"column":1}},"3":{"start":{"line":35,"column":30},"end":{"line":35,"column":51}},"4":{"start":{"line":36,"column":30},"end":{"line":36,"column":51}},"5":{"start":{"line":37,"column":36},"end":{"line":37,"column":56}},"6":{"start":{"line":38,"column":32},"end":{"line":38,"column":52}},"7":{"start":{"line":39,"column":38},"end":{"line":39,"column":58}},"8":{"start":{"line":40,"column":34},"end":{"line":40,"column":54}},"9":{"start":{"line":41,"column":32},"end":{"line":41,"column":56}},"10":{"start":{"line":42,"column":28},"end":{"line":42,"column":48}},"11":{"start":{"line":43,"column":40},"end":{"line":43,"column":71}},"12":{"start":{"line":45,"column":2},"end":{"line":65,"column":9}},"13":{"start":{"line":46,"column":4},"end":{"line":46,"column":21}},"14":{"start":{"line":47,"column":4},"end":{"line":64,"column":9}},"15":{"start":{"line":48,"column":21},"end":{"line":48,"column":31}},"16":{"start":{"line":50,"column":28},"end":{"line":52,"column":9}},"17":{"start":{"line":51,"column":17},"end":{"line":51,"column":63}},"18":{"start":{"line":53,"column":8},"end":{"line":59,"column":17}},"19":{"start":{"line":54,"column":10},"end":{"line":54,"column":33}},"20":{"start":{"line":55,"column":10},"end":{"line":55,"column":47}},"21":{"start":{"line":56,"column":10},"end":{"line":56,"column":55}},"22":{"start":{"line":57,"column":10},"end":{"line":57,"column":53}},"23":{"start":{"line":58,"column":10},"end":{"line":58,"column":28}},"24":{"start":{"line":62,"column":8},"end":{"line":62,"column":50}},"25":{"start":{"line":63,"column":8},"end":{"line":63,"column":26}},"26":{"start":{"line":67,"column":2},"end":{"line":95,"column":70}},"27":{"start":{"line":68,"column":4},"end":{"line":72,"column":5}},"28":{"start":{"line":69,"column":6},"end":{"line":69,"column":24}},"29":{"start":{"line":70,"column":6},"end":{"line":70,"column":22}},"30":{"start":{"line":71,"column":6},"end":{"line":71,"column":13}},"31":{"start":{"line":73,"column":22},"end":{"line":73,"column":73}},"32":{"start":{"line":73,"column":41},"end":{"line":73,"column":65}},"33":{"start":{"line":74,"column":20},"end":{"line":74,"column":69}},"34":{"start":{"line":74,"column":39},"end":{"line":74,"column":61}},"35":{"start":{"line":75,"column":4},"end":{"line":79,"column":5}},"36":{"start":{"line":76,"column":6},"end":{"line":76,"column":24}},"37":{"start":{"line":77,"column":6},"end":{"line":77,"column":22}},"38":{"start":{"line":78,"column":6},"end":{"line":78,"column":13}},"39":{"start":{"line":80,"column":4},"end":{"line":94,"column":5}},"40":{"start":{"line":81,"column":6},"end":{"line":84,"column":7}},"41":{"start":{"line":82,"column":8},"end":{"line":82,"column":24}},"42":{"start":{"line":83,"column":8},"end":{"line":83,"column":15}},"43":{"start":{"line":85,"column":21},"end":{"line":85,"column":67}},"44":{"start":{"line":86,"column":6},"end":{"line":86,"column":51}},"45":{"start":{"line":88,"column":6},"end":{"line":91,"column":7}},"46":{"start":{"line":89,"column":8},"end":{"line":89,"column":26}},"47":{"start":{"line":90,"column":8},"end":{"line":90,"column":15}},"48":{"start":{"line":92,"column":21},"end":{"line":92,"column":65}},"49":{"start":{"line":93,"column":6},"end":{"line":93,"column":53}},"50":{"start":{"line":98,"column":4},"end":{"line":98,"column":26}},"51":{"start":{"line":99,"column":4},"end":{"line":99,"column":26}},"52":{"start":{"line":100,"column":4},"end":{"line":100,"column":28}},"53":{"start":{"line":101,"column":4},"end":{"line":101,"column":28}},"54":{"start":{"line":102,"column":4},"end":{"line":102,"column":17}},"55":{"start":{"line":105,"column":2},"end":{"line":228,"column":4}},"56":{"start":{"line":147,"column":27},"end":{"line":147,"column":45}},"57":{"start":{"line":172,"column":18},"end":{"line":172,"column":35}},"58":{"start":{"line":173,"column":18},"end":{"line":173,"column":41}},"59":{"start":{"line":200,"column":18},"end":{"line":200,"column":33}},"60":{"start":{"line":201,"column":18},"end":{"line":201,"column":39}}},"fnMap":{"0":{"name":"(anonymous_0)","decl":{"start":{"line":34,"column":22},"end":{"line":34,"column":23}},"loc":{"start":{"line":34,"column":28},"end":{"line":229,"column":1}},"line":34},"1":{"name":"(anonymous_1)","decl":{"start":{"line":45,"column":12},"end":{"line":45,"column":13}},"loc":{"start":{"line":45,"column":18},"end":{"line":65,"column":3}},"line":45},"2":{"name":"(anonymous_2)","decl":{"start":{"line":48,"column":12},"end":{"line":48,"column":13}},"loc":{"start":{"line":48,"column":21},"end":{"line":48,"column":31}},"line":48},"3":{"name":"(anonymous_3)","decl":{"start":{"line":49,"column":12},"end":{"line":49,"column":13}},"loc":{"start":{"line":49,"column":31},"end":{"line":60,"column":7}},"line":49},"4":{"name":"(anonymous_4)","decl":{"start":{"line":51,"column":10},"end":{"line":51,"column":11}},"loc":{"start":{"line":51,"column":17},"end":{"line":51,"column":63}},"line":51},"5":{"name":"(anonymous_5)","decl":{"start":{"line":53,"column":19},"end":{"line":53,"column":20}},"loc":{"start":{"line":53,"column":25},"end":{"line":59,"column":9}},"line":53},"6":{"name":"(anonymous_6)","decl":{"start":{"line":61,"column":13},"end":{"line":61,"column":14}},"loc":{"start":{"line":61,"column":19},"end":{"line":64,"column":7}},"line":61},"7":{"name":"(anonymous_7)","decl":{"start":{"line":67,"column":12},"end":{"line":67,"column":13}},"loc":{"start":{"line":67,"column":18},"end":{"line":95,"column":3}},"line":67},"8":{"name":"(anonymous_8)","decl":{"start":{"line":73,"column":34},"end":{"line":73,"column":35}},"loc":{"start":{"line":73,"column":41},"end":{"line":73,"column":65}},"line":73},"9":{"name":"(anonymous_9)","decl":{"start":{"line":74,"column":32},"end":{"line":74,"column":33}},"loc":{"start":{"line":74,"column":39},"end":{"line":74,"column":61}},"line":74},"10":{"name":"handleSwap","decl":{"start":{"line":97,"column":11},"end":{"line":97,"column":21}},"loc":{"start":{"line":97,"column":24},"end":{"line":103,"column":3}},"line":97},"11":{"name":"(anonymous_11)","decl":{"start":{"line":147,"column":20},"end":{"line":147,"column":21}},"loc":{"start":{"line":147,"column":27},"end":{"line":147,"column":45}},"line":147},"12":{"name":"(anonymous_12)","decl":{"start":{"line":171,"column":26},"end":{"line":171,"column":27}},"loc":{"start":{"line":171,"column":33},"end":{"line":174,"column":17}},"line":171},"13":{"name":"(anonymous_13)","decl":{"start":{"line":199,"column":26},"end":{"line":199,"column":27}},"loc":{"start":{"line":199,"column":33},"end":{"line":202,"column":17}},"line":199}},"branchMap":{"0":{"loc":{"start":{"line":51,"column":17},"end":{"line":51,"column":63}},"type":"binary-expr","locations":[{"start":{"line":51,"column":17},"end":{"line":51,"column":44}},{"start":{"line":51,"column":48},"end":{"line":51,"column":63}}],"line":51},"1":{"loc":{"start":{"line":56,"column":23},"end":{"line":56,"column":53}},"type":"binary-expr","locations":[{"start":{"line":56,"column":23},"end":{"line":56,"column":47}},{"start":{"line":56,"column":51},"end":{"line":56,"column":53}}],"line":56},"2":{"loc":{"start":{"line":57,"column":21},"end":{"line":57,"column":51}},"type":"binary-expr","locations":[{"start":{"line":57,"column":21},"end":{"line":57,"column":45}},{"start":{"line":57,"column":49},"end":{"line":57,"column":51}}],"line":57},"3":{"loc":{"start":{"line":68,"column":4},"end":{"line":72,"column":5}},"type":"if","locations":[{"start":{"line":68,"column":4},"end":{"line":72,"column":5}},{"start":{},"end":{}}],"line":68},"4":{"loc":{"start":{"line":68,"column":8},"end":{"line":68,"column":30}},"type":"binary-expr","locations":[{"start":{"line":68,"column":8},"end":{"line":68,"column":18}},{"start":{"line":68,"column":22},"end":{"line":68,"column":30}}],"line":68},"5":{"loc":{"start":{"line":75,"column":4},"end":{"line":79,"column":5}},"type":"if","locations":[{"start":{"line":75,"column":4},"end":{"line":79,"column":5}},{"start":{},"end":{}}],"line":75},"6":{"loc":{"start":{"line":75,"column":8},"end":{"line":75,"column":30}},"type":"binary-expr","locations":[{"start":{"line":75,"column":8},"end":{"line":75,"column":18}},{"start":{"line":75,"column":22},"end":{"line":75,"column":30}}],"line":75},"7":{"loc":{"start":{"line":80,"column":4},"end":{"line":94,"column":5}},"type":"if","locations":[{"start":{"line":80,"column":4},"end":{"line":94,"column":5}},{"start":{"line":87,"column":11},"end":{"line":94,"column":5}}],"line":80},"8":{"loc":{"start":{"line":81,"column":6},"end":{"line":84,"column":7}},"type":"if","locations":[{"start":{"line":81,"column":6},"end":{"line":84,"column":7}},{"start":{},"end":{}}],"line":81},"9":{"loc":{"start":{"line":81,"column":10},"end":{"line":81,"column":50}},"type":"binary-expr","locations":[{"start":{"line":81,"column":10},"end":{"line":81,"column":21}},{"start":{"line":81,"column":25},"end":{"line":81,"column":50}}],"line":81},"10":{"loc":{"start":{"line":86,"column":18},"end":{"line":86,"column":49}},"type":"cond-expr","locations":[{"start":{"line":86,"column":27},"end":{"line":86,"column":44}},{"start":{"line":86,"column":47},"end":{"line":86,"column":49}}],"line":86},"11":{"loc":{"start":{"line":88,"column":6},"end":{"line":91,"column":7}},"type":"if","locations":[{"start":{"line":88,"column":6},"end":{"line":91,"column":7}},{"start":{},"end":{}}],"line":88},"12":{"loc":{"start":{"line":88,"column":10},"end":{"line":88,"column":46}},"type":"binary-expr","locations":[{"start":{"line":88,"column":10},"end":{"line":88,"column":19}},{"start":{"line":88,"column":23},"end":{"line":88,"column":46}}],"line":88},"13":{"loc":{"start":{"line":93,"column":20},"end":{"line":93,"column":51}},"type":"cond-expr","locations":[{"start":{"line":93,"column":29},"end":{"line":93,"column":46}},{"start":{"line":93,"column":49},"end":{"line":93,"column":51}}],"line":93},"14":{"loc":{"start":{"line":120,"column":9},"end":{"line":137,"column":9}},"type":"binary-expr","locations":[{"start":{"line":120,"column":9},"end":{"line":120,"column":16}},{"start":{"line":121,"column":10},"end":{"line":136,"column":16}}],"line":120},"15":{"loc":{"start":{"line":208,"column":11},"end":{"line":212,"column":11}},"type":"binary-expr","locations":[{"start":{"line":208,"column":11},"end":{"line":208,"column":16}},{"start":{"line":209,"column":12},"end":{"line":211,"column":25}}],"line":208}},"s":{"0":1,"1":1,"2":1,"3":74,"4":74,"5":74,"6":74,"7":74,"8":74,"9":74,"10":74,"11":74,"12":74,"13":14,"14":14,"15":13,"16":13,"17":35,"18":12,"19":12,"20":12,"21":12,"22":12,"23":12,"24":2,"25":2,"26":74,"27":38,"28":15,"29":15,"30":15,"31":23,"32":26,"33":23,"34":47,"35":23,"36":0,"37":0,"38":0,"39":23,"40":23,"41":14,"42":14,"43":9,"44":9,"45":0,"46":0,"47":0,"48":0,"49":0,"50":3,"51":3,"52":3,"53":3,"54":3,"55":74,"56":0,"57":3,"58":3,"59":0,"60":0},"f":{"0":74,"1":14,"2":13,"3":13,"4":35,"5":12,"6":2,"7":38,"8":26,"9":47,"10":3,"11":0,"12":3,"13":0},"b":{"0":[35,35],"1":[12,0],"2":[12,1],"3":[15,23],"4":[38,24],"5":[0,23],"6":[23,23],"7":[23,0],"8":[14,9],"9":[23,9],"10":[9,0],"11":[0,0],"12":[0,0],"13":[0,0],"14":[74,14],"15":[74,2]},"_coverageSchema":"1a1c01bbd47fc00a2c39e90264f33305004495a9","hash":"dfb53e124d5b0280d8a9269edf070c07fb809963"}
,"D:\\DATA\\PROJECTS\\code-challenge\\src\\problem2\\src\\TokenSelector.tsx": {"path":"D:\\DATA\\PROJECTS\\code-challenge\\src\\problem2\\src\\TokenSelector.tsx","statementMap":{"0":{"start":{"line":14,"column":52},"end":{"line":71,"column":1}},"1":{"start":{"line":22,"column":26},"end":{"line":24,"column":3}},"2":{"start":{"line":23,"column":16},"end":{"line":23,"column":43}},"3":{"start":{"line":26,"column":27},"end":{"line":35,"column":3}},"4":{"start":{"line":27,"column":4},"end":{"line":34,"column":6}},"5":{"start":{"line":32,"column":9},"end":{"line":32,"column":67}},"6":{"start":{"line":37,"column":2},"end":{"line":70,"column":4}},"7":{"start":{"line":40,"column":33},"end":{"line":40,"column":57}},"8":{"start":{"line":41,"column":47},"end":{"line":41,"column":62}},"9":{"start":{"line":44,"column":8},"end":{"line":56,"column":10}},"10":{"start":{"line":59,"column":8},"end":{"line":64,"column":14}}},"fnMap":{"0":{"name":"(anonymous_0)","decl":{"start":{"line":14,"column":52},"end":{"line":14,"column":53}},"loc":{"start":{"line":21,"column":6},"end":{"line":71,"column":1}},"line":21},"1":{"name":"(anonymous_1)","decl":{"start":{"line":23,"column":4},"end":{"line":23,"column":5}},"loc":{"start":{"line":23,"column":16},"end":{"line":23,"column":43}},"line":23},"2":{"name":"(anonymous_2)","decl":{"start":{"line":26,"column":27},"end":{"line":26,"column":28}},"loc":{"start":{"line":27,"column":4},"end":{"line":34,"column":6}},"line":27},"3":{"name":"(anonymous_3)","decl":{"start":{"line":31,"column":15},"end":{"line":31,"column":16}},"loc":{"start":{"line":32,"column":9},"end":{"line":32,"column":67}},"line":32},"4":{"name":"(anonymous_4)","decl":{"start":{"line":40,"column":16},"end":{"line":40,"column":17}},"loc":{"start":{"line":40,"column":33},"end":{"line":40,"column":57}},"line":40},"5":{"name":"(anonymous_5)","decl":{"start":{"line":41,"column":35},"end":{"line":41,"column":36}},"loc":{"start":{"line":41,"column":47},"end":{"line":41,"column":62}},"line":41},"6":{"name":"(anonymous_6)","decl":{"start":{"line":43,"column":19},"end":{"line":43,"column":20}},"loc":{"start":{"line":44,"column":8},"end":{"line":56,"column":10}},"line":44},"7":{"name":"(anonymous_7)","decl":{"start":{"line":58,"column":20},"end":{"line":58,"column":21}},"loc":{"start":{"line":59,"column":8},"end":{"line":64,"column":14}},"line":59}},"branchMap":{"0":{"loc":{"start":{"line":18,"column":2},"end":{"line":18,"column":18}},"type":"default-arg","locations":[{"start":{"line":18,"column":13},"end":{"line":18,"column":18}}],"line":18},"1":{"loc":{"start":{"line":19,"column":2},"end":{"line":19,"column":12}},"type":"default-arg","locations":[{"start":{"line":19,"column":10},"end":{"line":19,"column":12}}],"line":19},"2":{"loc":{"start":{"line":20,"column":2},"end":{"line":20,"column":14}},"type":"default-arg","locations":[{"start":{"line":20,"column":12},"end":{"line":20,"column":14}}],"line":20},"3":{"loc":{"start":{"line":40,"column":42},"end":{"line":40,"column":56}},"type":"binary-expr","locations":[{"start":{"line":40,"column":42},"end":{"line":40,"column":50}},{"start":{"line":40,"column":54},"end":{"line":40,"column":56}}],"line":40},"4":{"loc":{"start":{"line":50,"column":28},"end":{"line":54,"column":20}},"type":"cond-expr","locations":[{"start":{"line":51,"column":14},"end":{"line":53,"column":31}},{"start":{"line":54,"column":16},"end":{"line":54,"column":20}}],"line":50}},"s":{"0":2,"1":117,"2":167,"3":117,"4":114,"5":1,"6":117,"7":4,"8":119,"9":167,"10":30},"f":{"0":117,"1":167,"2":114,"3":1,"4":4,"5":119,"6":167,"7":30},"b":{"0":[8],"1":[0],"2":[8],"3":[4,0],"4":[84,83]},"_coverageSchema":"1a1c01bbd47fc00a2c39e90264f33305004495a9","hash":"525211be8424ae7b92a93dc3d3dc204f8e0ccd5e"}
,"D:\\DATA\\PROJECTS\\code-challenge\\src\\problem2\\src\\utils.ts": {"path":"D:\\DATA\\PROJECTS\\code-challenge\\src\\problem2\\src\\utils.ts","statementMap":{"0":{"start":{"line":2,"column":2},"end":{"line":2,"column":70}},"1":{"start":{"line":11,"column":2},"end":{"line":15,"column":9}},"2":{"start":{"line":19,"column":2},"end":{"line":19,"column":44}},"3":{"start":{"line":24,"column":22},"end":{"line":26,"column":3}},"4":{"start":{"line":25,"column":9},"end":{"line":25,"column":76}},"5":{"start":{"line":29,"column":25},"end":{"line":29,"column":49}},"6":{"start":{"line":31,"column":2},"end":{"line":35,"column":5}},"7":{"start":{"line":32,"column":4},"end":{"line":34,"column":5}},"8":{"start":{"line":33,"column":6},"end":{"line":33,"column":48}},"9":{"start":{"line":38,"column":2},"end":{"line":39,"column":58}},"10":{"start":{"line":39,"column":20},"end":{"line":39,"column":56}}},"fnMap":{"0":{"name":"formatAmount","decl":{"start":{"line":10,"column":16},"end":{"line":10,"column":28}},"loc":{"start":{"line":10,"column":62},"end":{"line":16,"column":1}},"line":10},"1":{"name":"getTokenIcon","decl":{"start":{"line":18,"column":16},"end":{"line":18,"column":28}},"loc":{"start":{"line":18,"column":53},"end":{"line":20,"column":1}},"line":18},"2":{"name":"uniqueTokens","decl":{"start":{"line":22,"column":16},"end":{"line":22,"column":28}},"loc":{"start":{"line":22,"column":55},"end":{"line":40,"column":1}},"line":22},"3":{"name":"(anonymous_3)","decl":{"start":{"line":25,"column":4},"end":{"line":25,"column":5}},"loc":{"start":{"line":25,"column":9},"end":{"line":25,"column":76}},"line":25},"4":{"name":"(anonymous_4)","decl":{"start":{"line":31,"column":22},"end":{"line":31,"column":23}},"loc":{"start":{"line":31,"column":31},"end":{"line":35,"column":3}},"line":31},"5":{"name":"(anonymous_5)","decl":{"start":{"line":39,"column":10},"end":{"line":39,"column":11}},"loc":{"start":{"line":39,"column":20},"end":{"line":39,"column":56}},"line":39}},"branchMap":{"0":{"loc":{"start":{"line":11,"column":9},"end":{"line":15,"column":8}},"type":"cond-expr","locations":[{"start":{"line":12,"column":6},"end":{"line":14,"column":8}},{"start":{"line":15,"column":6},"end":{"line":15,"column":8}}],"line":11},"1":{"loc":{"start":{"line":25,"column":9},"end":{"line":25,"column":76}},"type":"binary-expr","locations":[{"start":{"line":25,"column":9},"end":{"line":25,"column":36}},{"start":{"line":25,"column":40},"end":{"line":25,"column":55}},{"start":{"line":25,"column":59},"end":{"line":25,"column":76}}],"line":25},"2":{"loc":{"start":{"line":32,"column":4},"end":{"line":34,"column":5}},"type":"if","locations":[{"start":{"line":32,"column":4},"end":{"line":34,"column":5}},{"start":{},"end":{}}],"line":32}},"s":{"0":2,"1":5,"2":2,"3":18,"4":50,"5":18,"6":18,"7":46,"8":44,"9":18,"10":42},"f":{"0":5,"1":2,"2":18,"3":50,"4":46,"5":42},"b":{"0":[3,2],"1":[50,48,47],"2":[44,2]},"_coverageSchema":"1a1c01bbd47fc00a2c39e90264f33305004495a9","hash":"bda58d28d0ac45bd5747427fb38f46c72646ed92"}
}
