TN:
SF:src\AmountInput.tsx
FN:11,(anonymous_1)
FN:24,(anonymous_2)
FNF:2
FNH:2
FNDA:4,(anonymous_1)
FNDA:1,(anonymous_2)
DA:1,1
DA:11,1
DA:18,4
DA:24,1
DA:32,1
LF:5
LH:5
BRDA:14,0,0,3
BRDA:15,1,0,3
BRDA:16,2,0,3
BRDA:20,3,0,1
BRDA:20,3,1,3
BRDA:24,4,0,1
BRDA:24,4,1,3
BRF:7
BRH:7
end_of_record
TN:
SF:src\TokenSelector.tsx
FN:13,(anonymous_1)
FN:29,(anonymous_2)
FN:33,(anonymous_3)
FN:34,(anonymous_4)
FN:45,(anonymous_5)
FNF:5
FNH:4
FNDA:3,(anonymous_1)
FNDA:1,(anonymous_2)
FNDA:9,(anonymous_3)
FNDA:8,(anonymous_4)
FNDA:0,(anonymous_5)
DA:1,1
DA:2,1
DA:13,1
DA:22,3
DA:23,3
DA:29,1
DA:33,9
DA:35,8
DA:45,0
DA:52,1
LF:10
LH:9
BRDA:40,0,0,3
BRDA:40,0,1,3
BRF:2
BRH:2
end_of_record
TN:
SF:src\utils.ts
FN:10,formatAmount
FN:18,getTokenIcon
FN:22,uniqueTokens
FN:24,(anonymous_3)
FNF:4
FNH:4
FNDA:5,formatAmount
FNDA:5,getTokenIcon
FNDA:1,uniqueTokens
FNDA:5,(anonymous_3)
DA:1,2
DA:10,2
DA:11,5
DA:18,2
DA:19,5
DA:22,2
DA:23,1
DA:24,1
DA:25,5
DA:26,3
DA:27,3
LF:11
LH:11
BRDA:11,0,0,3
BRDA:11,0,1,2
BRDA:25,1,0,2
BRDA:25,1,1,3
BRF:4
BRH:4
end_of_record
