TN:
SF:src\AmountInput.tsx
FN:11,(anonymous_0)
FN:17,(anonymous_1)
FNF:2
FNH:2
FNDA:118,(anonymous_0)
FNDA:13,(anonymous_1)
DA:11,2
DA:17,118
DA:18,13
DA:20,13
DA:21,7
DA:25,118
DA:27,118
LF:7
LH:7
BRDA:14,0,0,9
BRDA:15,1,0,9
BRDA:20,2,0,7
BRDA:20,2,1,6
BRDA:20,3,0,13
BRDA:20,3,1,13
BRDA:25,4,0,118
BRDA:25,4,1,18
BRDA:37,5,0,0
BRDA:37,5,1,118
BRF:10
BRH:9
end_of_record
TN:
SF:src\App.tsx
FN:34,(anonymous_0)
FN:45,(anonymous_1)
FN:48,(anonymous_2)
FN:49,(anonymous_3)
FN:51,(anonymous_4)
FN:53,(anonymous_5)
FN:61,(anonymous_6)
FN:67,(anonymous_7)
FN:73,(anonymous_8)
FN:74,(anonymous_9)
FN:97,handleSwap
FN:147,(anonymous_11)
FN:171,(anonymous_12)
FN:199,(anonymous_13)
FNF:14
FNH:12
FNDA:74,(anonymous_0)
FNDA:14,(anonymous_1)
FNDA:13,(anonymous_2)
FNDA:13,(anonymous_3)
FNDA:35,(anonymous_4)
FNDA:12,(anonymous_5)
FNDA:2,(anonymous_6)
FNDA:38,(anonymous_7)
FNDA:26,(anonymous_8)
FNDA:47,(anonymous_9)
FNDA:3,handleSwap
FNDA:0,(anonymous_11)
FNDA:3,(anonymous_12)
FNDA:0,(anonymous_13)
DA:19,1
DA:22,1
DA:34,1
DA:35,74
DA:36,74
DA:37,74
DA:38,74
DA:39,74
DA:40,74
DA:41,74
DA:42,74
DA:43,74
DA:45,74
DA:46,14
DA:47,14
DA:48,13
DA:50,13
DA:51,35
DA:53,12
DA:54,12
DA:55,12
DA:56,12
DA:57,12
DA:58,12
DA:62,2
DA:63,2
DA:67,74
DA:68,38
DA:69,15
DA:70,15
DA:71,15
DA:73,26
DA:74,47
DA:75,23
DA:76,0
DA:77,0
DA:78,0
DA:80,23
DA:81,23
DA:82,14
DA:83,14
DA:85,9
DA:86,9
DA:88,0
DA:89,0
DA:90,0
DA:92,0
DA:93,0
DA:98,3
DA:99,3
DA:100,3
DA:101,3
DA:102,3
DA:105,74
DA:147,0
DA:172,3
DA:173,3
DA:200,0
DA:201,0
LF:59
LH:48
BRDA:51,0,0,35
BRDA:51,0,1,35
BRDA:56,1,0,12
BRDA:56,1,1,0
BRDA:57,2,0,12
BRDA:57,2,1,1
BRDA:68,3,0,15
BRDA:68,3,1,23
BRDA:68,4,0,38
BRDA:68,4,1,24
BRDA:75,5,0,0
BRDA:75,5,1,23
BRDA:75,6,0,23
BRDA:75,6,1,23
BRDA:80,7,0,23
BRDA:80,7,1,0
BRDA:81,8,0,14
BRDA:81,8,1,9
BRDA:81,9,0,23
BRDA:81,9,1,9
BRDA:86,10,0,9
BRDA:86,10,1,0
BRDA:88,11,0,0
BRDA:88,11,1,0
BRDA:88,12,0,0
BRDA:88,12,1,0
BRDA:93,13,0,0
BRDA:93,13,1,0
BRDA:120,14,0,74
BRDA:120,14,1,14
BRDA:208,15,0,74
BRDA:208,15,1,2
BRF:32
BRH:22
end_of_record
TN:
SF:src\TokenSelector.tsx
FN:14,(anonymous_0)
FN:23,(anonymous_1)
FN:26,(anonymous_2)
FN:31,(anonymous_3)
FN:40,(anonymous_4)
FN:41,(anonymous_5)
FN:43,(anonymous_6)
FN:58,(anonymous_7)
FNF:8
FNH:8
FNDA:117,(anonymous_0)
FNDA:167,(anonymous_1)
FNDA:114,(anonymous_2)
FNDA:1,(anonymous_3)
FNDA:4,(anonymous_4)
FNDA:119,(anonymous_5)
FNDA:167,(anonymous_6)
FNDA:30,(anonymous_7)
DA:14,2
DA:22,117
DA:23,167
DA:26,117
DA:27,114
DA:32,1
DA:37,117
DA:40,4
DA:41,119
DA:44,167
DA:59,30
LF:11
LH:11
BRDA:18,0,0,8
BRDA:19,1,0,0
BRDA:20,2,0,8
BRDA:40,3,0,4
BRDA:40,3,1,0
BRDA:50,4,0,84
BRDA:50,4,1,83
BRF:7
BRH:5
end_of_record
TN:
SF:src\utils.ts
FN:10,formatAmount
FN:18,getTokenIcon
FN:22,uniqueTokens
FN:25,(anonymous_3)
FN:31,(anonymous_4)
FN:39,(anonymous_5)
FNF:6
FNH:6
FNDA:5,formatAmount
FNDA:2,getTokenIcon
FNDA:18,uniqueTokens
FNDA:50,(anonymous_3)
FNDA:46,(anonymous_4)
FNDA:42,(anonymous_5)
DA:2,2
DA:11,5
DA:19,2
DA:24,18
DA:25,50
DA:29,18
DA:31,18
DA:32,46
DA:33,44
DA:38,18
DA:39,42
LF:11
LH:11
BRDA:11,0,0,3
BRDA:11,0,1,2
BRDA:25,1,0,50
BRDA:25,1,1,48
BRDA:25,1,2,47
BRDA:32,2,0,44
BRDA:32,2,1,2
BRF:7
BRH:7
end_of_record
